<?xml version="1.0" encoding="UTF-8"?>
<!-- Generated by org.testng.reporters.JUnitReportReporter -->
<testsuite hostname="LAPTOP-L8359RGC" name="test" tests="1" failures="0" timestamp="31 May 2018 02:31:53 GMT" time="0.015" errors="0">
  <testcase name="TestNgLearn" time="0.015" classname="test"/>
</testsuite> <!-- test -->
