<?xml version="1.0" encoding="UTF-8"?>
<!-- Generated by org.testng.reporters.JUnitReportReporter -->
<testsuite hostname="LAPTOP-L8359RGC" name="maventest.test.test" tests="1" failures="0" timestamp="31 May 2018 05:21:53 GMT" time="0.522" errors="0">
  <testcase name="TestNgLearn" time="0.522" classname="maventest.test.test"/>
</testsuite> <!-- maventest.test.test -->
