<?xml version="1.0" encoding="UTF-8"?>
<!-- Generated by org.testng.reporters.JUnitReportReporter -->
<testsuite hostname="LAPTOP-L8359RGC" name="test.test" tests="1" failures="0" timestamp="31 May 2018 04:40:27 GMT" time="0.436" errors="0">
  <testcase name="TestNgLearn" time="0.436" classname="test.test"/>
</testsuite> <!-- test.test -->
