<?xml version="1.0" encoding="UTF-8"?>
<!-- Generated by org.testng.reporters.JUnitReportReporter -->
<testsuite hostname="LAPTOP-L8359RGC" name="maventest.test.test02" tests="1" failures="0" timestamp="31 May 2018 05:21:53 GMT" time="0.470" errors="0">
  <testcase name="TestNgLearn" time="0.470" classname="maventest.test.test02"/>
</testsuite> <!-- maventest.test.test02 -->
