<?xml version="1.0" encoding="UTF-8"?>
<!-- Generated by org.testng.reporters.JUnitReportReporter -->
<testsuite hostname="LAPTOP-L8359RGC" name="test.test02" tests="1" failures="0" timestamp="31 May 2018 05:23:52 GMT" time="0.530" errors="0">
  <testcase name="TestNgLearn" time="0.530" classname="test.test02"/>
</testsuite> <!-- test.test02 -->
